10:54:05.985 [main                     ] DEBUG Logger               - Configured Logger
10:54:06.012 [main                     ] DEBUG GameApplication      - Logging settings
Title: Basic Game App
Version: 0.0
Width: 800
Height: 600
Fullscreen: false
Intro: false
Profiling: false
Single step:false
App Mode: DEVELOPER
Menu Key: ESCAPE
Stage Style: DECORATED
Scene Factory: class com.almasb.fxgl.app.scene.SceneFactory

10:54:06.383 [JavaFX Application Thread] DEBUG FXGLApplication      - Initializing FXGL
10:54:06.388 [JavaFX Application Thread] INFO  Engine               - FXGL-17.1 (24.03.2022 17.34) on WINDOWS (J:17.0.3.1 FX:17.0.2-ea)
10:54:06.388 [JavaFX Application Thread] DEBUG Engine               - JRE Vendor Name: Oracle Corporation
10:54:06.388 [JavaFX Application Thread] DEBUG Engine               - Running on OS: Windows 10 version 10.0
10:54:06.388 [JavaFX Application Thread] DEBUG Engine               - Architecture: amd64
10:54:06.388 [JavaFX Application Thread] INFO  Engine               - Source code and latest versions at: https://github.com/AlmasB/FXGL
10:54:06.388 [JavaFX Application Thread] INFO  Engine               -       Ask questions and discuss at: https://github.com/AlmasB/FXGL/discussions
10:54:06.388 [JavaFX Application Thread] INFO  Engine               -              Join the FXGL chat at: https://gitter.im/AlmasB/FXGL
10:54:06.488 [JavaFX Application Thread] DEBUG PrimaryStageWindow   - Creating a JavaFX scene
10:54:06.534 [JavaFX Application Thread] DEBUG PrimaryStageWindow   - Target settings size: 800.0 x 600.0
10:54:06.534 [JavaFX Application Thread] DEBUG PrimaryStageWindow   - Scaled scene size:    800.0 x 600.0
10:54:06.534 [JavaFX Application Thread] DEBUG PrimaryStageWindow   - Scaled ratio: (1.0, 1.0)
10:54:06.536 [JavaFX Application Thread] DEBUG PrimaryStageWindow   - Set initial scene to FXGLStartupScene
10:54:06.542 [JavaFX Application Thread] DEBUG PrimaryStageWindow   - Opening main window
10:54:06.644 [JavaFX Application Thread] DEBUG PrimaryStageWindow   - Window border size: (14.4000244140625, 37.5999755859375)
10:54:06.645 [JavaFX Application Thread] DEBUG PrimaryStageWindow   - Scaled size: 800.0 x 600.0
10:54:06.645 [JavaFX Application Thread] DEBUG PrimaryStageWindow   - Scaled ratio: (1.0, 1.0)
10:54:06.645 [JavaFX Application Thread] DEBUG PrimaryStageWindow   - Scene size: 800.0 x 600.0
10:54:06.646 [JavaFX Application Thread] DEBUG PrimaryStageWindow   - Stage size: 814.4000244140625 x 637.5999755859375
10:54:06.655 [FXGL Background Thread 1 ] DEBUG Engine               - Initializing environment variables
10:54:06.687 [FXGL Background Thread 1 ] DEBUG FXGLAssetLoaderServi - User app class for loading assets: class projecth.project_h.BasicGameApp
10:54:06.688 [FXGL Background Thread 1 ] DEBUG GameApplicationServi - Applying CSS: fxgl_dark.css
10:54:06.689 [FXGL Background Thread 1 ] DEBUG FXGLAssetLoaderServi - Loading from file system: jar:file:///C:/Users/USER/.m2/repository/com/github/almasb/fxgl/17.1/fxgl-17.1.jar!/fxglassets/ui/css/fxgl_dark.css
10:54:06.733 [FXGL Background Thread 1 ] DEBUG GameApplicationServi - Initializing application scenes
10:54:06.818 [FXGL Background Thread 1 ] DEBUG GameWorld            - Game world initialized
10:54:06.859 [FXGL Background Thread 1 ] DEBUG PhysicsWorld         - Physics world initialized: appHeight=600, physics.ppm=50.0
10:54:06.859 [FXGL Background Thread 1 ] DEBUG PhysicsWorld         - Using strategy: BRUTE_FORCE
10:54:06.863 [FXGL Background Thread 1 ] DEBUG GameScene            - Game scene initialized: 800x600
10:54:06.872 [FXGL Background Thread 1 ] DEBUG FXGL.DefaultMenu     - createMenuBodyGameMenu()
10:54:06.884 [FXGL Background Thread 1 ] DEBUG FXGL.DefaultMenu     - createOptionsMenu()
10:54:06.892 [FXGL Background Thread 1 ] DEBUG FXGLAssetLoaderServi - Loading from file system: jar:file:///C:/Users/USER/.m2/repository/com/github/almasb/fxgl/17.1/fxgl-17.1.jar!/fxglassets/textures/particles/smoke.png
10:54:06.976 [FXGL Background Thread 1 ] DEBUG FXGLAssetLoaderServi - Loading from file system: jar:file:///C:/Users/USER/.m2/repository/com/github/almasb/fxgl/17.1/fxgl-17.1.jar!/fxglassets/textures/particles/trace_horizontal.png
10:54:07.008 [FXGL Background Thread 1 ] DEBUG GameApplicationServi - Application scenes initialized
10:54:07.018 [FXGL Background Thread 1 ] DEBUG SystemBundleService  - Loading FXGL system data
10:54:07.023 [FXGL Background Thread 1 ] DEBUG FileSystemAccess     - Reading from: C:\Project\Project_H\system\fxgl.bundle
10:54:07.031 [FXGL Background Thread 1 ] DEBUG SystemBundleService  - Bundle FXGL: {}
10:54:07.031 [FXGL Background Thread 1 ] DEBUG UpdaterService       - Checking for updates
10:54:07.034 [FXGL Background Thread 4 ] DEBUG FXGLApplication      - Loading fonts
10:54:07.034 [FXGL Background Thread 1 ] DEBUG FXGLApplication      - Loading default localization
10:54:07.034 [FXGL Background Thread 4 ] DEBUG FXGLAssetLoaderServi - Loading from file system: jar:file:///C:/Users/USER/.m2/repository/com/github/almasb/fxgl/17.1/fxgl-17.1.jar!/fxglassets/ui/fonts/VarelaRound-Regular.ttf
10:54:07.035 [FXGL Background Thread 1 ] DEBUG FXGLAssetLoaderServi - Loading from file system: jar:file:///C:/Users/USER/.m2/repository/com/github/almasb/fxgl/17.1/fxgl-17.1.jar!/fxglassets/languages/english.lang
10:54:07.052 [FXGL Background Thread 1 ] INFO  FXGLApplication      - FXGL initialization took: 0.397 sec
10:54:07.053 [JavaFX Application Thread] DEBUG FXGLAssetLoaderServi - Loading from file system: jar:file:///C:/Users/USER/.m2/repository/com/github/almasb/fxgl/17.1/fxgl-17.1.jar!/fxglassets/textures/fxgl_icon.png
10:54:07.070 [JavaFX Application Thread] DEBUG FXGLAssetLoaderServi - Loading from file system: jar:file:///C:/Users/USER/.m2/repository/com/github/almasb/fxgl/17.1/fxgl-17.1.jar!/fxglassets/textures/fxgl_default_cursor.png
10:54:07.081 [JavaFX Application Thread] DEBUG Input                - Registered new binding: Screenshot - CTRL+8
10:54:07.082 [JavaFX Application Thread] DEBUG Input                - Registered new binding: System info dump - CTRL+9
10:54:07.082 [JavaFX Application Thread] DEBUG Input                - Registered new binding: Restart - CTRL+R
10:54:07.082 [JavaFX Application Thread] DEBUG Input                - Registered new binding: Toggle Debug Camera - CTRL+7
10:54:07.084 [JavaFX Application Thread] DEBUG LoopRunner           - Starting loop
10:54:07.084 [JavaFX Application Thread] DEBUG LoopRunner           - Initializing JavaFX AnimationTimerLoop
10:54:07.085 [JavaFX Application Thread] DEBUG GameApplicationServi - Starting new game
10:54:07.085 [JavaFX Application Thread] DEBUG Input                - Clearing active input actions
10:54:07.095 [JavaFX Application Thread] DEBUG GameApplicationServi - Removing overlay from FXGLStartupScene and adding to FXGLLoadingScene
10:54:07.096 [JavaFX Application Thread] DEBUG PrimaryStageWindow   - FXGLStartupScene -> FXGLLoadingScene
10:54:07.096 [JavaFX Application Thread] DEBUG GameApplicationServi - Clearing previous game
10:54:07.096 [JavaFX Application Thread] DEBUG GameScene            - Clearing game scene
10:54:07.096 [JavaFX Application Thread] DEBUG GameWorld            - Clearing game world
10:54:07.096 [JavaFX Application Thread] DEBUG PhysicsWorld         - Clearing physics world
10:54:07.098 [FXGL Background Thread 1 ] DEBUG FXGLApplication      - Initializing game
10:54:07.099 [FXGL Background Thread 1 ] INFO  FXGLApplication      - Game initialization took: 0.001 sec
10:54:07.117 [FXGL Background Thread 4 ] DEBUG FXGLAssetLoaderServi - Loading from file system: jar:file:///C:/Users/USER/.m2/repository/com/github/almasb/fxgl/17.1/fxgl-17.1.jar!/fxglassets/ui/fonts/Abel-Regular.ttf
10:54:07.121 [FXGL Background Thread 4 ] DEBUG FXGLAssetLoaderServi - Loading from file system: jar:file:///C:/Users/USER/.m2/repository/com/github/almasb/fxgl/17.1/fxgl-17.1.jar!/fxglassets/ui/fonts/TerminalLandMono-Regular.otf
10:54:07.125 [FXGL Background Thread 4 ] DEBUG FXGLAssetLoaderServi - Loading from file system: jar:file:///C:/Users/USER/.m2/repository/com/github/almasb/fxgl/17.1/fxgl-17.1.jar!/fxglassets/ui/fonts/Courier-Prime.ttf
10:54:07.134 [JavaFX Application Thread] DEBUG Input                - Clearing active input actions
10:54:07.139 [JavaFX Application Thread] DEBUG GameApplicationServi - Removing overlay from FXGLLoadingScene and adding to GameScene
10:54:07.140 [JavaFX Application Thread] DEBUG PrimaryStageWindow   - FXGLLoadingScene -> GameScene
10:54:07.142 [JavaFX Application Thread] DEBUG FXGLApplication      - Registering font factories with UI factory
10:54:07.460 [FXGL Background Thread 2 ] INFO  UpdaterService       - Your current version:  17.1
10:54:07.460 [FXGL Background Thread 2 ] INFO  UpdaterService       - Latest stable version: 17.2
10:54:08.534 [JavaFX Application Thread] DEBUG FXGLApplication      - Exiting FXGL
10:54:08.534 [JavaFX Application Thread] DEBUG LoopRunner           - Stopping loop
10:54:08.535 [JavaFX Application Thread] DEBUG SystemBundleService  - Saving FXGL system data
10:54:08.552 [JavaFX Application Thread] DEBUG FileSystemAccess     - Writing to: C:\Project\Project_H\system\fxgl.bundle
10:54:08.557 [JavaFX Application Thread] DEBUG Async                - Shutting down background threads
10:54:08.558 [JavaFX Application Thread] DEBUG PrimaryStageWindow   - Closing main window
10:54:08.586 [JavaFX Application Thread] DEBUG Logger               - Closing Logger
